13:32:53 : software mode
1538.461538
1694.915254
1724.137931
13:33:00 : hardware mode
9090.909091
13:33:09 : hardware mode
6250.000000
5882.352941
13:33:14 : hardware mode
3846.153846
4000.000000
4000.000000
4000.000000
4000.000000
4000.000000
4000.000000
3846.153846
4000.000000
4000.000000
4000.000000
4000.000000
3846.153846
3846.153846
4000.000000
4000.000000
4000.000000
13:36:10 : hardware mode
3846.153846
4000.000000
4000.000000
75.642965
3846.153846
4000.000000
4000.000000
4000.000000
4000.000000
4000.000000
4000.000000
4000.000000
4000.000000
3846.153846
13:41:09 : software mode
1754.385965
13:43:10 : software mode
1666.666667
1694.915254
694.444444
13:49:10 : software mode
1538.461538
13:49:32 : software mode
1694.915254
621.118012
13:50:32 : software mode
684.931507
781.250000
769.230769
781.250000
769.230769
769.230769
13:50:55 : hardware mode
1190.476190
1204.819277
1190.476190
1190.476190
1190.476190
1176.470588
1190.476190
1162.790698
1190.476190
1190.476190
1190.476190
1176.470588
1176.470588
1190.476190
1176.470588
1190.476190
1190.476190
1149.425287
1190.476190
1204.819277
1190.476190
1204.819277
1190.476190
1190.476190
1190.476190
1190.476190
1190.476190
1204.819277
1190.476190
1176.470588
1190.476190
1204.819277
1190.476190
1190.476190
1190.476190
1190.476190
1204.819277
1204.819277
1190.476190
1204.819277
1204.819277
1190.476190
1190.476190
1204.819277
694.444444
1190.476190
1190.476190
1190.476190
1190.476190
1190.476190
1176.470588
1176.470588
1204.819277
1162.790698
1176.470588
1190.476190
1176.470588
1204.819277
1190.476190
1190.476190
1176.470588
1204.819277
1190.476190
1190.476190
1204.819277
1204.819277
1190.476190
1190.476190
1190.476190
1190.476190
1204.819277
1190.476190
1190.476190
1190.476190
1204.819277
1176.470588
1204.819277
1176.470588
1162.790698
763.358779
1162.790698
1190.476190
1190.476190
1190.476190
1204.819277
1190.476190
1190.476190
1190.476190
1204.819277
1190.476190
1204.819277
1190.476190
1190.476190
1190.476190
1204.819277
1204.819277
1204.819277
1204.819277
1190.476190
1204.819277
1204.819277
1176.470588
1204.819277
1204.819277
1190.476190
1204.819277
1190.476190
1190.476190
1190.476190
1176.470588
1176.470588
13:52:54 : hardware mode
1176.470588
598.802395
1190.476190
1204.819277
1204.819277
1204.819277
1190.476190
1190.476190
1176.470588
1204.819277
1204.819277
1190.476190
1190.476190
1190.476190
1190.476190
1190.476190
1190.476190
1190.476190
1190.476190
1190.476190
1204.819277
1204.819277
1204.819277
1204.819277
1204.819277
1190.476190
1190.476190
1204.819277
1204.819277
1204.819277
1204.819277
1204.819277
1176.470588
1204.819277
1190.476190
1190.476190
1190.476190
1204.819277
1204.819277
1204.819277
1204.819277
1190.476190
1190.476190
1190.476190
1204.819277
1190.476190
1190.476190
1204.819277
1190.476190
1190.476190
1190.476190
1204.819277
1204.819277
1190.476190
1190.476190
1190.476190
13:53:56 : hardware mode
1190.476190
1204.819277
1219.512195
1190.476190
1204.819277
1204.819277
1204.819277
1190.476190
1204.819277
1190.476190
1190.476190
1190.476190
1190.476190
1190.476190
1190.476190
1204.819277
1190.476190
1190.476190
1204.819277
1176.470588
1190.476190
1190.476190
1190.476190
1204.819277
1190.476190
1204.819277
1204.819277
1176.470588
1190.476190
1204.819277
1204.819277
1204.819277
1204.819277
1190.476190
1204.819277
1190.476190
1190.476190
1190.476190
1190.476190
1190.476190
1190.476190
1190.476190
1204.819277
1204.819277
1204.819277
1176.470588
1204.819277
1176.470588
1190.476190
1190.476190
1190.476190
1204.819277
1204.819277
1190.476190
1176.470588
1204.819277
1190.476190
1204.819277
1190.476190
1190.476190
1190.476190
1190.476190
1190.476190
1190.476190
1176.470588
1204.819277
1190.476190
1190.476190
1190.476190
1190.476190
1190.476190
1190.476190
1190.476190
1204.819277
1204.819277
1190.476190
1204.819277
1190.476190
1190.476190
1204.819277
1204.819277
1204.819277
1190.476190
1190.476190
1190.476190
1190.476190
1176.470588
1176.470588
1204.819277
1190.476190
1190.476190
1204.819277
1204.819277
1204.819277
1190.476190
1190.476190
1190.476190
1190.476190
1190.476190
1190.476190
1204.819277
1190.476190
1190.476190
1190.476190
1190.476190
1190.476190
1204.819277
1190.476190
1190.476190
1204.819277
1190.476190
1176.470588
1204.819277
1190.476190
1204.819277
1190.476190
1190.476190
1190.476190
1190.476190
1176.470588
1149.425287
1204.819277
1176.470588
1190.476190
1176.470588
1149.425287
1162.790698
1190.476190
1176.470588
1149.425287
1204.819277
1190.476190
1204.819277
1190.476190
1190.476190
1204.819277
1162.790698
1176.470588
1190.476190
1176.470588
1162.790698
1190.476190
1190.476190
1190.476190
1190.476190
1162.790698
1190.476190
1176.470588
1190.476190
1204.819277
1190.476190
1190.476190
1190.476190
1190.476190
1190.476190
1204.819277
1190.476190
1190.476190
1190.476190
1190.476190
1176.470588
1176.470588
1190.476190
1190.476190
1190.476190
1190.476190
1190.476190
1190.476190
1190.476190
1176.470588
1204.819277
1190.476190
1176.470588
1176.470588
1204.819277
1190.476190
1204.819277
1190.476190
1204.819277
1204.819277
1204.819277
1204.819277
1190.476190
1190.476190
1204.819277
1190.476190
1190.476190
1204.819277
1190.476190
1190.476190
1190.476190
1190.476190
1204.819277
1190.476190
1190.476190
1190.476190
1190.476190
1190.476190
1176.470588
1190.476190
1190.476190
1176.470588
1190.476190
1204.819277
1190.476190
1204.819277
1190.476190
1190.476190
1176.470588
1190.476190
1204.819277
1204.819277
1190.476190
1190.476190
1162.790698
1162.790698
1204.819277
1176.470588
1176.470588
1176.470588
1190.476190
1190.476190
1190.476190
1176.470588
1190.476190
1190.476190
1190.476190
1190.476190
1204.819277
1190.476190
1204.819277
1190.476190
1190.476190
1204.819277
1190.476190
1176.470588
1190.476190
1176.470588
1190.476190
1190.476190
1176.470588
1190.476190
1190.476190
1190.476190
1190.476190
1204.819277
1190.476190
1190.476190
1190.476190
1190.476190
1204.819277
1190.476190
1176.470588
1190.476190
1190.476190
1123.595506
1176.470588
1219.512195
1190.476190
1190.476190
1136.363636
1204.819277
1190.476190
1219.512195
1190.476190
1190.476190
1176.470588
1176.470588
1190.476190
1075.268817
1190.476190
1052.631579
1162.790698
1204.819277
1098.901099
1176.470588
1190.476190
653.594771
1176.470588
1219.512195
1204.819277
1204.819277
1190.476190
1204.819277
1190.476190
1176.470588
1204.819277
1190.476190
1190.476190
1190.476190
1123.595506
1234.567901
1219.512195
1052.631579
1176.470588
1111.111111
1190.476190
1190.476190
1190.476190
1190.476190
1176.470588
1176.470588
1190.476190
1111.111111
1219.512195
1176.470588
1176.470588
1162.790698
1190.476190
1176.470588
1219.512195
1123.595506
1086.956522
1176.470588
1190.476190
1190.476190
1190.476190
1176.470588
1190.476190
1190.476190
1190.476190
1190.476190
1190.476190
1162.790698
1176.470588
1190.476190
1176.470588
1204.819277
1204.819277
1204.819277
1162.790698
1204.819277
1204.819277
1190.476190
1190.476190
1204.819277
1204.819277
1176.470588
1204.819277
1190.476190
1190.476190
1190.476190
1190.476190
1190.476190
1204.819277
1190.476190
1204.819277
1190.476190
1190.476190
1204.819277
1136.363636
1149.425287
1111.111111
1162.790698
1149.425287
1098.901099
1111.111111
1204.819277
1190.476190
1190.476190
1190.476190
1190.476190
1123.595506
1219.512195
1162.790698
1190.476190
1204.819277
1234.567901
1204.819277
1190.476190
1176.470588
1204.819277
1190.476190
1162.790698
1190.476190
1204.819277
1219.512195
1162.790698
1149.425287
1234.567901
1136.363636
1190.476190
1250.000000
1190.476190
1219.512195
1190.476190
1190.476190
1204.819277
1190.476190
1176.470588
1176.470588
1190.476190
1176.470588
1136.363636
1111.111111
1176.470588
1204.819277
1030.927835
1204.819277
1075.268817
1204.819277
1149.425287
1190.476190
1204.819277
1176.470588
1190.476190
1190.476190
1190.476190
1176.470588
1190.476190
1086.956522
1176.470588
1176.470588
1149.425287
1190.476190
1162.790698
1190.476190
1190.476190
1219.512195
1162.790698
1162.790698
1176.470588
1190.476190
1162.790698
1204.819277
1204.819277
1204.819277
1190.476190
1204.819277
1190.476190
1162.790698
1190.476190
1190.476190
1190.476190
1204.819277
1176.470588
1204.819277
1190.476190
1190.476190
1204.819277
1204.819277
1190.476190
1190.476190
1204.819277
1190.476190
1204.819277
1204.819277
1190.476190
1190.476190
1190.476190
1204.819277
1204.819277
1190.476190
1190.476190
1176.470588
1000.000000
1176.470588
1136.363636
1204.819277
1219.512195
1219.512195
1176.470588
1075.268817
1149.425287
1190.476190
1162.790698
1176.470588
1162.790698
1075.268817
1136.363636
1190.476190
1176.470588
1162.790698
1176.470588
1136.363636
1190.476190
1136.363636
1204.819277
1190.476190
1190.476190
1204.819277
1176.470588
1190.476190
1162.790698
1176.470588
1234.567901
1162.790698
1190.476190
1176.470588
1190.476190
1204.819277
1190.476190
1204.819277
1190.476190
1204.819277
1204.819277
1204.819277
1250.000000
1190.476190
1204.819277
1204.819277
1190.476190
1190.476190
1204.819277
1190.476190
1149.425287
1190.476190
1176.470588
1190.476190
1190.476190
1204.819277
1176.470588
1190.476190
1190.476190
1176.470588
1136.363636
1204.819277
1176.470588
1204.819277
1162.790698
1204.819277
1234.567901
1204.819277
1204.819277
1162.790698
1219.512195
1234.567901
1204.819277
1204.819277
1219.512195
1176.470588
1136.363636
1176.470588
1176.470588
1162.790698
1219.512195
1149.425287
1123.595506
1149.425287
1123.595506
1162.790698
1162.790698
1086.956522
1190.476190
1149.425287
1190.476190
1190.476190
1204.819277
1176.470588
1162.790698
1190.476190
1190.476190
1204.819277
1190.476190
1204.819277
1250.000000
1176.470588
1204.819277
1204.819277
1204.819277
1204.819277
1190.476190
1190.476190
1190.476190
1190.476190
1176.470588
1204.819277
970.873786
1219.512195
1176.470588
1136.363636
1149.425287
1176.470588
1190.476190
1162.790698
1136.363636
1176.470588
1204.819277
1190.476190
1176.470588
1190.476190
1190.476190
1123.595506
1204.819277
1204.819277
1190.476190
1162.790698
1234.567901
1190.476190
1234.567901
1190.476190
1162.790698
1204.819277
1190.476190
1190.476190
1176.470588
1190.476190
1190.476190
1190.476190
1204.819277
1190.476190
1190.476190
1204.819277
1190.476190
1190.476190
1136.363636
1190.476190
1190.476190
1234.567901
1204.819277
1162.790698
1190.476190
1162.790698
1162.790698
1176.470588
1123.595506
1111.111111
1204.819277
1190.476190
1190.476190
1190.476190
1176.470588
1176.470588
1190.476190
1204.819277
1190.476190
1162.790698
1123.595506
1176.470588
1149.425287
1162.790698
1190.476190
1149.425287
1176.470588
1204.819277
1250.000000
1111.111111
1204.819277
1190.476190
1190.476190
1190.476190
1190.476190
1176.470588
1190.476190
1162.790698
1176.470588
1176.470588
1204.819277
1190.476190
1204.819277
1190.476190
1204.819277
1190.476190
1190.476190
1190.476190
1162.790698
1176.470588
1149.425287
1149.425287
1204.819277
1190.476190
1176.470588
1162.790698
1176.470588
1162.790698
1190.476190
1204.819277
1162.790698
1162.790698
1204.819277
1190.476190
1190.476190
1190.476190
1234.567901
1204.819277
1204.819277
1190.476190
1204.819277
1176.470588
1176.470588
1149.425287
1176.470588
1176.470588
1204.819277
1190.476190
1190.476190
1190.476190
1176.470588
1176.470588
1190.476190
1190.476190
1190.476190
1190.476190
1190.476190
1204.819277
1190.476190
1190.476190
1190.476190
1190.476190
1190.476190
1204.819277
1190.476190
1162.790698
1176.470588
